<?xml version="1.0" encoding="UTF-8"?>
<!-- Generated by org.testng.reporters.JUnitReportReporter -->
<testsuite hostname="Thenilavan" failures="0" tests="1" name="Test.LHAdminRegression" time="42.160" errors="0" timestamp="2021-05-12T16:42:21 IST" skipped="0">
  <testcase classname="Test.LHAdminRegression" name="Login" time="42.160"/>
  <system-out/>
</testsuite> <!-- Test.LHAdminRegression -->
